EVENT 1: mysql server connection failed @ Sat Aug 29 17:53:16 2015
EVENT 1: mysql server connection failed @ Sat Aug 29 17:53:49 2015
EVENT 1: mysql server connection succeed @ Sat Aug 29 17:56:30 2015
EVENT 2: new sensor node connected @ Sat Aug 29 17:56:39 2015
EVENT 3: Warning: abnormal temperature 36.68 @ Room 7 Sensor 47 @ Sat Aug 29 17:56:47 2015
EVENT 4: Warning: abnormal temperature 36.68 @ Room 7 Sensor 47 @ Sat Aug 29 17:56:49 2015
EVENT 5: sensor node disconnected @ Sat Aug 29 17:56:49 2015
EVENT 6: new sensor node connected @ Sat Aug 29 17:57:14 2015
EVENT 7: Warning: abnormal temperature 2.32 @ Room 7 Sensor 77 @ Sat Aug 29 17:57:20 2015
EVENT 8: new sensor node connected @ Sat Aug 29 17:57:24 2015
EVENT 9: Warning: abnormal temperature 39.95 @ Room 7 Sensor 77 @ Sat Aug 29 17:57:24 2015
EVENT 10: sensor node disconnected @ Sat Aug 29 17:57:24 2015
EVENT 1: mysql server connection succeed @ Sat Aug 29 17:57:38 2015
EVENT 2: new sensor node connected @ Sat Aug 29 17:57:40 2015
EVENT 3: Warning: abnormal temperature 37.27 @ Room 7 Sensor 77 @ Sat Aug 29 17:57:40 2015
EVENT 4: new sensor node connected @ Sat Aug 29 17:57:45 2015
EVENT 1: mysql server connection succeed @ Sat Aug 29 18:02:01 2015
EVENT 2: new sensor node connected @ Sat Aug 29 18:03:43 2015
EVENT 3: Warning: abnormal temperature 2.39 @ Room 7 Sensor 77 @ Sat Aug 29 18:03:47 2015
EVENT 4: Warning: abnormal temperature 36.79 @ Room 7 Sensor 77 @ Sat Aug 29 18:03:51 2015
EVENT 5: Warning: abnormal temperature 36.79 @ Room 7 Sensor 77 @ Sat Aug 29 18:03:53 2015
EVENT 6: sensor node disconnected @ Sat Aug 29 18:03:53 2015
EVENT 7: new sensor node connected @ Sat Aug 29 18:03:53 2015
EVENT 8: new sensor node connected @ Sat Aug 29 18:03:56 2015
EVENT 1: mysql server connection failed @ Sun Aug 21 12:07:50 2016
EVENT 1: mysql server connection succeed @ Sun Aug 21 12:10:54 2016
EVENT 2: new sensor node connected @ Sun Aug 21 12:12:07 2016
EVENT 3: Warning: abnormal temperature 38.29 @ Room 7 Sensor 47 @ Sun Aug 21 12:12:07 2016
EVENT 4: Warning: abnormal temperature 2.91 @ Room 7 Sensor 47 @ Sun Aug 21 12:12:09 2016
EVENT 5: Warning: abnormal temperature 37.39 @ Room 7 Sensor 47 @ Sun Aug 21 12:12:11 2016
EVENT 6: sensor node disconnected @ Sun Aug 21 12:12:17 2016
EVENT 7: new sensor node connected @ Sun Aug 21 12:12:46 2016
EVENT 8: Warning: abnormal temperature 36.74 @ Room 7 Sensor 77 @ Sun Aug 21 12:12:46 2016
EVENT 9: sensor node disconnected @ Sun Aug 21 12:12:56 2016
EVENT 10: new sensor node connected @ Sun Aug 21 12:16:42 2016
EVENT 11: Warning: abnormal temperature 0.29 @ Room 7 Sensor 47 @ Sun Aug 21 12:16:46 2016
EVENT 12: sensor node disconnected @ Sun Aug 21 12:16:52 2016
